<?xml version="1.0" encoding="UTF-8"?>
<testng-results skipped="0" failed="0" ignored="0" total="1" passed="1">
  <reporter-output>
  </reporter-output>
  <suite name="s1" duration-ms="36" started-at="2019-12-23T06:08:03Z" finished-at="2019-12-23T06:08:03Z">
    <groups>
    </groups>
    <test name="test1" duration-ms="36" started-at="2019-12-23T06:08:03Z" finished-at="2019-12-23T06:08:03Z">
      <class name="com.edu.test.TestCases">
        <test-method status="PASS" signature="test1()[pri:0, instance:com.edu.test.TestCases@724af044]" name="test1" duration-ms="11" started-at="2019-12-23T06:08:03Z" finished-at="2019-12-23T06:08:03Z">
          <reporter-output>
          </reporter-output>
        </test-method> <!-- test1 -->
      </class> <!-- com.edu.test.TestCases -->
    </test> <!-- test1 -->
  </suite> <!-- s1 -->
</testng-results>
