<?xml version="1.0" encoding="UTF-8"?>
<!-- Generated by org.testng.reporters.JUnitXMLReporter -->
<testsuite hostname="DESKTOP-CF5LRRQ" ignored="0" name="Default test" tests="17" failures="0" timestamp="23 十二月 2019 05:30:35 GMT" time="149.523" errors="0">
  <testcase name="test02" time="1.399" classname="com.edu.test.Testitems"/>
  <testcase name="test03" time="0.382" classname="com.edu.test.Testitems"/>
  <testcase name="test04" time="0.014" classname="com.edu.test.Testitems"/>
  <testcase name="test05" time="1.016" classname="com.edu.test.Testitems"/>
  <testcase name="test06" time="1.307" classname="com.edu.test.Testitems"/>
  <testcase name="test07" time="0.037" classname="com.edu.test.Testitems"/>
  <testcase name="test08" time="0.01" classname="com.edu.test.Testitems"/>
  <testcase name="test09" time="0.001" classname="com.edu.test.Testitems"/>
  <testcase name="test10" time="0.001" classname="com.edu.test.Testitems"/>
  <testcase name="test11" time="0.001" classname="com.edu.test.Testitems"/>
  <testcase name="test12" time="6.726" classname="com.edu.test.Testitems"/>
  <testcase name="test13" time="6.92" classname="com.edu.test.Testitems"/>
  <testcase name="test14" time="21.147" classname="com.edu.test.Testitems"/>
  <testcase name="test15" time="12.69" classname="com.edu.test.Testitems"/>
  <testcase name="test16" time="13.168" classname="com.edu.test.Testitems"/>
  <testcase name="test17" time="37.752" classname="com.edu.test.Testitems"/>
  <testcase name="testApplication" time="20.291" classname="com.edu.test.Testitems"/>
</testsuite> <!-- Default test -->
