<?xml version="1.0" encoding="UTF-8"?>
<!-- Generated by org.testng.reporters.JUnitXMLReporter -->
<testsuite hostname="DESKTOP-CF5LRRQ" ignored="0" name="Test" tests="23" failures="0" timestamp="23 十二月 2019 03:21:59 GMT" time="98.779" errors="0">
  <testcase name="test1" time="0.016" classname="com.edu.test.Tests"/>
  <testcase name="test2" time="0.001" classname="com.edu.test.Tests"/>
  <testcase name="test3" time="0.0" classname="com.edu.test.Tests"/>
  <testcase name="test01" time="0.0" classname="com.edu.test.Tests1"/>
  <testcase name="test02" time="0.0" classname="com.edu.test.Tests1"/>
  <testcase name="test03" time="0.0" classname="com.edu.test.Tests1"/>
  <testcase name="test02" time="1.046" classname="com.edu.test.Testitems"/>
  <testcase name="test03" time="0.032" classname="com.edu.test.Testitems"/>
  <testcase name="test04" time="0.013" classname="com.edu.test.Testitems"/>
  <testcase name="test05" time="1.046" classname="com.edu.test.Testitems"/>
  <testcase name="test06" time="1.052" classname="com.edu.test.Testitems"/>
  <testcase name="test07" time="0.011" classname="com.edu.test.Testitems"/>
  <testcase name="test08" time="0.016" classname="com.edu.test.Testitems"/>
  <testcase name="test09" time="0.0" classname="com.edu.test.Testitems"/>
  <testcase name="test10" time="0.0" classname="com.edu.test.Testitems"/>
  <testcase name="test11" time="0.0" classname="com.edu.test.Testitems"/>
  <testcase name="test12" time="4.749" classname="com.edu.test.Testitems"/>
  <testcase name="test13" time="3.462" classname="com.edu.test.Testitems"/>
  <testcase name="test14" time="17.869" classname="com.edu.test.Testitems"/>
  <testcase name="test15" time="10.512" classname="com.edu.test.Testitems"/>
  <testcase name="test16" time="10.963" classname="com.edu.test.Testitems"/>
  <testcase name="test17" time="13.71" classname="com.edu.test.Testitems"/>
  <testcase name="testApplication" time="21.418" classname="com.edu.test.Testitems"/>
</testsuite> <!-- Test -->
