<?xml version="1.0" encoding="UTF-8"?>
<!-- Generated by org.testng.reporters.JUnitXMLReporter -->
<testsuite hostname="DESKTOP-CF5LRRQ" ignored="0" name="test" tests="17" failures="0" timestamp="23 十二月 2019 02:02:06 GMT" time="146.005" errors="0">
  <testcase name="test01" time="24.592" classname="com.edu.test.Testitems"/>
  <testcase name="test02" time="1.062" classname="com.edu.test.Testitems"/>
  <testcase name="test03" time="3.75" classname="com.edu.test.Testitems"/>
  <testcase name="test04" time="3.706" classname="com.edu.test.Testitems"/>
  <testcase name="test05" time="4.456" classname="com.edu.test.Testitems"/>
  <testcase name="test06" time="12.721" classname="com.edu.test.Testitems"/>
  <testcase name="test07" time="0.13" classname="com.edu.test.Testitems"/>
  <testcase name="test08" time="0.094" classname="com.edu.test.Testitems"/>
  <testcase name="test09" time="0.0" classname="com.edu.test.Testitems"/>
  <testcase name="test10" time="0.0" classname="com.edu.test.Testitems"/>
  <testcase name="test11" time="0.016" classname="com.edu.test.Testitems"/>
  <testcase name="test12" time="4.177" classname="com.edu.test.Testitems"/>
  <testcase name="test13" time="3.546" classname="com.edu.test.Testitems"/>
  <testcase name="test14" time="22.643" classname="com.edu.test.Testitems"/>
  <testcase name="test15" time="11.279" classname="com.edu.test.Testitems"/>
  <testcase name="test16" time="10.576" classname="com.edu.test.Testitems"/>
  <testcase name="test17" time="14.127" classname="com.edu.test.Testitems"/>
</testsuite> <!-- test -->
